#
# A fatal error has been detected by the Java Runtime Environment:
#
#  EXCEPTION_ACCESS_VIOLATION (0xc0000005) at pc=0x00007fffaca3ead3, pid=17604, tid=14688
#
# JRE version: OpenJDK Runtime Environment Microsoft-11369865 (17.0.15+6) (build 17.0.15+6-LTS)
# Java VM: OpenJDK 64-Bit Server VM Microsoft-11369865 (17.0.15+6-LTS, mixed mode, sharing, tiered, compressed oops, compressed class ptrs, g1 gc, windows-amd64)
# Problematic frame:
# V  [jvm.dll+0x38ead3]
#
# No core dump will be written. Minidumps are not enabled by default on client versions of Windows
#
# If you would like to submit a bug report, please visit:
#   https://github.com/microsoft/openjdk/issues
#

---------------  S U M M A R Y ------------

Command Line: --add-opens=java.base/java.lang.reflect=ALL-UNNAMED --add-opens=java.base/java.lang=ALL-UNNAMED -Xmx200m -Xms64m C:/Users/Admin/IdeaProjects/Spring-Boot-Microservices-Banking-Application/Transaction-Service/target/transactions-0.0.1-SNAPSHOT.jar

Host: 13th Gen Intel(R) Core(TM) i5-13400, 16 cores, 15G,  Windows 11 , 64 bit Build 26100 (10.0.26100.8328)
Time: Thu Jun 11 04:55:46 2026  Windows 11 , 64 bit Build 26100 (10.0.26100.8328) elapsed time: 48136.018181 seconds (0d 13h 22m 16s)

---------------  T H R E A D  ---------------

Current thread (0x0000026114da2630):  JavaThread "nacos-grpc-client-executor-localhost-9612" daemon [_thread_in_vm, id=14688, stack(0x000000f7fa500000,0x000000f7fa600000)]

Stack: [0x000000f7fa500000,0x000000f7fa600000],  sp=0x000000f7fa5faef0,  free space=1003k
Native frames: (J=compiled Java code, j=interpreted, Vv=VM code, C=native code)
V  [jvm.dll+0x38ead3]
V  [jvm.dll+0x6886c2]
V  [jvm.dll+0x38f70b]
V  [jvm.dll+0x38f8d8]
V  [jvm.dll+0x7b8a59]
V  [jvm.dll+0x7b9cd9]
V  [jvm.dll+0x7ba038]
V  [jvm.dll+0x829ea8]
V  [jvm.dll+0x8298af]
V  [jvm.dll+0x82b667]
V  [jvm.dll+0x83024a]
V  [jvm.dll+0x8338dd]
V  [jvm.dll+0x82cdcc]
V  [jvm.dll+0x377bfa]
V  [jvm.dll+0x376ca4]
V  [jvm.dll+0x376c48]
